  Application.cpp
  Billboard.cpp
  Client.cpp
  Device.cpp
  Drawer.cpp
  Effector.cpp
  FileSearchState.cpp
  Graph.cpp
  Helper.cpp
  Image.cpp
  ImageTarget.cpp
  Keyboard.cpp
  Looper.cpp
  Model.cpp
  Mouse.cpp
  Movie.cpp
  PixelShader.cpp
  Primitive.cpp
  Primitive2DShader.cpp
  Primitive3DShader.cpp
  コードを生成中...
  コンパイル中...
  Server.cpp
  SoftImage.cpp
  Sound.cpp
  Sprites.cpp
  Tool.cpp
  Touch.cpp
  VertexShader.cpp
  WinMain.cpp
  コードを生成中...
  Framework.vcxproj -> C:\Users\ryuno\OneDrive\デスクトップ\Program\F_ゲーム大賞\JGA2022Orichalcum\x64\Debug\Framework.lib
