c:\users\ryuno\onedrive\デスクトップ\program\f_ゲーム大賞\jga2022orichalcum\x64\debug\framework.pdb
c:\users\ryuno\onedrive\デスクトップ\program\f_ゲーム大賞\jga2022orichalcum\x64\debug\framework.idb
c:\users\ryuno\onedrive\デスクトップ\program\f_ゲーム大賞\framework2022\framework\x64\debug\looper.obj
c:\users\ryuno\onedrive\デスクトップ\program\f_ゲーム大賞\framework2022\framework\x64\debug\log.obj
c:\users\ryuno\onedrive\デスクトップ\program\f_ゲーム大賞\framework2022\framework\x64\debug\loadcsv.obj
c:\users\ryuno\onedrive\デスクトップ\program\f_ゲーム大賞\framework2022\framework\x64\debug\kinect.obj
c:\users\ryuno\onedrive\デスクトップ\program\f_ゲーム大賞\framework2022\framework\x64\debug\keyboard.obj
c:\users\ryuno\onedrive\デスクトップ\program\f_ゲーム大賞\framework2022\framework\x64\debug\introduction.obj
c:\users\ryuno\onedrive\デスクトップ\program\f_ゲーム大賞\framework2022\framework\x64\debug\imagetarget.obj
c:\users\ryuno\onedrive\デスクトップ\program\f_ゲーム大賞\framework2022\framework\x64\debug\image.obj
c:\users\ryuno\onedrive\デスクトップ\program\f_ゲーム大賞\framework2022\framework\x64\debug\helper.obj
c:\users\ryuno\onedrive\デスクトップ\program\f_ゲーム大賞\framework2022\framework\x64\debug\graph.obj
c:\users\ryuno\onedrive\デスクトップ\program\f_ゲーム大賞\framework2022\framework\x64\debug\filesearchstate.obj
c:\users\ryuno\onedrive\デスクトップ\program\f_ゲーム大賞\framework2022\framework\x64\debug\exception.obj
c:\users\ryuno\onedrive\デスクトップ\program\f_ゲーム大賞\framework2022\framework\x64\debug\effector.obj
c:\users\ryuno\onedrive\デスクトップ\program\f_ゲーム大賞\framework2022\framework\x64\debug\effect.obj
c:\users\ryuno\onedrive\デスクトップ\program\f_ゲーム大賞\framework2022\framework\x64\debug\drawer.obj
c:\users\ryuno\onedrive\デスクトップ\program\f_ゲーム大賞\framework2022\framework\x64\debug\device.obj
c:\users\ryuno\onedrive\デスクトップ\program\f_ゲーム大賞\framework2022\framework\x64\debug\client.obj
c:\users\ryuno\onedrive\デスクトップ\program\f_ゲーム大賞\framework2022\framework\x64\debug\binary.obj
c:\users\ryuno\onedrive\デスクトップ\program\f_ゲーム大賞\framework2022\framework\x64\debug\billboard.obj
c:\users\ryuno\onedrive\デスクトップ\program\f_ゲーム大賞\framework2022\framework\x64\debug\application.obj
c:\users\ryuno\onedrive\デスクトップ\program\f_ゲーム大賞\framework2022\framework\x64\debug\winmain.obj
c:\users\ryuno\onedrive\デスクトップ\program\f_ゲーム大賞\framework2022\framework\x64\debug\vertexshader.obj
c:\users\ryuno\onedrive\デスクトップ\program\f_ゲーム大賞\framework2022\framework\x64\debug\touch.obj
c:\users\ryuno\onedrive\デスクトップ\program\f_ゲーム大賞\framework2022\framework\x64\debug\tool.obj
c:\users\ryuno\onedrive\デスクトップ\program\f_ゲーム大賞\framework2022\framework\x64\debug\taskmanager.obj
c:\users\ryuno\onedrive\デスクトップ\program\f_ゲーム大賞\framework2022\framework\x64\debug\sprites.obj
c:\users\ryuno\onedrive\デスクトップ\program\f_ゲーム大賞\framework2022\framework\x64\debug\sound.obj
c:\users\ryuno\onedrive\デスクトップ\program\f_ゲーム大賞\framework2022\framework\x64\debug\softimage.obj
c:\users\ryuno\onedrive\デスクトップ\program\f_ゲーム大賞\framework2022\framework\x64\debug\server.obj
c:\users\ryuno\onedrive\デスクトップ\program\f_ゲーム大賞\framework2022\framework\x64\debug\scene.obj
c:\users\ryuno\onedrive\デスクトップ\program\f_ゲーム大賞\framework2022\framework\x64\debug\primitive3dshader.obj
c:\users\ryuno\onedrive\デスクトップ\program\f_ゲーム大賞\framework2022\framework\x64\debug\primitive2dshader.obj
c:\users\ryuno\onedrive\デスクトップ\program\f_ゲーム大賞\framework2022\framework\x64\debug\primitive.obj
c:\users\ryuno\onedrive\デスクトップ\program\f_ゲーム大賞\framework2022\framework\x64\debug\pixelshader.obj
c:\users\ryuno\onedrive\デスクトップ\program\f_ゲーム大賞\framework2022\framework\x64\debug\option.obj
c:\users\ryuno\onedrive\デスクトップ\program\f_ゲーム大賞\framework2022\framework\x64\debug\movie.obj
c:\users\ryuno\onedrive\デスクトップ\program\f_ゲーム大賞\framework2022\framework\x64\debug\mouse.obj
c:\users\ryuno\onedrive\デスクトップ\program\f_ゲーム大賞\framework2022\framework\x64\debug\model.obj
c:\users\ryuno\onedrive\デスクトップ\program\f_ゲーム大賞\jga2022orichalcum\x64\debug\framework.lib
c:\users\ryuno\onedrive\デスクトップ\program\f_ゲーム大賞\framework2022\framework\x64\debug\framework.tlog\cl.command.1.tlog
c:\users\ryuno\onedrive\デスクトップ\program\f_ゲーム大賞\framework2022\framework\x64\debug\framework.tlog\cl.read.1.tlog
c:\users\ryuno\onedrive\デスクトップ\program\f_ゲーム大賞\framework2022\framework\x64\debug\framework.tlog\cl.write.1.tlog
c:\users\ryuno\onedrive\デスクトップ\program\f_ゲーム大賞\framework2022\framework\x64\debug\framework.tlog\lib-link.read.1.tlog
c:\users\ryuno\onedrive\デスクトップ\program\f_ゲーム大賞\framework2022\framework\x64\debug\framework.tlog\lib-link.write.1.tlog
c:\users\ryuno\onedrive\デスクトップ\program\f_ゲーム大賞\framework2022\framework\x64\debug\framework.tlog\lib.command.1.tlog
