  Camera.cpp
C:\Users\ryuno\OneDrive\デスクトップ\Program\F_ポートフォリオ\ポートフォリオデータ\Reboot\solution\Playable\Camera.cpp(62,48): warning C4244: '引数': '__int64' から 'const double' への変換です。データが失われる可能性があります。
C:\Users\ryuno\OneDrive\デスクトップ\Program\F_ポートフォリオ\ポートフォリオデータ\Reboot\solution\Playable\Camera.cpp(69,56): warning C4244: '引数': '__int64' から 'const double' への変換です。データが失われる可能性があります。
  Collider.cpp
  Controller.cpp
  Enemy.cpp
  Fan.cpp
  Gimmick.cpp
  Introduction.cpp
  MapData.cpp
  Menu.cpp
  Music.cpp
  Player.cpp
  SaveData.cpp
  SceneMain.cpp
C:\Users\ryuno\OneDrive\デスクトップ\Program\F_ポートフォリオ\ポートフォリオデータ\Reboot\solution\Playable\SceneMain.cpp(188,45): warning C4244: '=': 'double' から 'int' への変換です。データが失われる可能性があります。
C:\Users\ryuno\OneDrive\デスクトップ\Program\F_ポートフォリオ\ポートフォリオデータ\Reboot\solution\Playable\SceneMain.cpp(189,45): warning C4244: '=': 'double' から 'int' への変換です。データが失われる可能性があります。
C:\Users\ryuno\OneDrive\デスクトップ\Program\F_ポートフォリオ\ポートフォリオデータ\Reboot\solution\Playable\SceneMain.cpp(192,92): warning C4244: '引数': 'double' から 'int' への変換です。データが失われる可能性があります。
C:\Users\ryuno\OneDrive\デスクトップ\Program\F_ポートフォリオ\ポートフォリオデータ\Reboot\solution\Playable\SceneMain.cpp(192,70): warning C4244: '引数': 'double' から 'int' への変換です。データが失われる可能性があります。
  ScenePrologue.cpp
  SceneSelectStage.cpp
C:\Users\ryuno\OneDrive\デスクトップ\Program\F_ポートフォリオ\ポートフォリオデータ\Reboot\solution\Playable\SceneSelectStage.cpp(49,38): warning C4244: '引数': '__int64' から 'const double' への変換です。データが失われる可能性があります。
C:\Users\ryuno\OneDrive\デスクトップ\Program\F_ポートフォリオ\ポートフォリオデータ\Reboot\solution\Playable\SceneSelectStage.cpp(167,81): warning C4244: '=': 'double' から 'int' への変換です。データが失われる可能性があります。
C:\Users\ryuno\OneDrive\デスクトップ\Program\F_ポートフォリオ\ポートフォリオデータ\Reboot\solution\Playable\SceneSelectStage.cpp(168,77): warning C4244: '=': 'double' から 'int' への変換です。データが失われる可能性があります。
C:\Users\ryuno\OneDrive\デスクトップ\Program\F_ポートフォリオ\ポートフォリオデータ\Reboot\solution\Playable\SceneSelectStage.cpp(174,46): warning C4244: '引数': 'double' から 'int' への変換です。データが失われる可能性があります。
C:\Users\ryuno\OneDrive\デスクトップ\Program\F_ポートフォリオ\ポートフォリオデータ\Reboot\solution\Playable\SceneSelectStage.cpp(173,64): warning C4244: '引数': 'double' から 'int' への変換です。データが失われる可能性があります。
C:\Users\ryuno\OneDrive\デスクトップ\Program\F_ポートフォリオ\ポートフォリオデータ\Reboot\solution\Playable\SceneSelectStage.cpp(263,52): warning C4244: '引数': 'double' から 'int' への変換です。データが失われる可能性があります。
C:\Users\ryuno\OneDrive\デスクトップ\Program\F_ポートフォリオ\ポートフォリオデータ\Reboot\solution\Playable\SceneSelectStage.cpp(262,67): warning C4244: '引数': 'double' から 'int' への変換です。データが失われる可能性があります。
C:\Users\ryuno\OneDrive\デスクトップ\Program\F_ポートフォリオ\ポートフォリオデータ\Reboot\solution\Playable\SceneSelectStage.cpp(269,83): warning C4244: '=': 'double' から 'int' への変換です。データが失われる可能性があります。
C:\Users\ryuno\OneDrive\デスクトップ\Program\F_ポートフォリオ\ポートフォリオデータ\Reboot\solution\Playable\SceneSelectStage.cpp(270,79): warning C4244: '=': 'double' から 'int' への変換です。データが失われる可能性があります。
C:\Users\ryuno\OneDrive\デスクトップ\Program\F_ポートフォリオ\ポートフォリオデータ\Reboot\solution\Playable\SceneSelectStage.cpp(336,43): warning C4244: '引数': 'double' から 'int' への変換です。データが失われる可能性があります。
C:\Users\ryuno\OneDrive\デスクトップ\Program\F_ポートフォリオ\ポートフォリオデータ\Reboot\solution\Playable\SceneSelectStage.cpp(335,50): warning C4244: '引数': 'double' から 'int' への変換です。データが失われる可能性があります。
C:\Users\ryuno\OneDrive\デスクトップ\Program\F_ポートフォリオ\ポートフォリオデータ\Reboot\solution\Playable\SceneSelectStage.cpp(350,78): warning C4244: '引数': 'double' から 'int' への変換です。データが失われる可能性があります。
C:\Users\ryuno\OneDrive\デスクトップ\Program\F_ポートフォリオ\ポートフォリオデータ\Reboot\solution\Playable\SceneSelectStage.cpp(349,90): warning C4244: '引数': 'double' から 'int' への変換です。データが失われる可能性があります。
C:\Users\ryuno\OneDrive\デスクトップ\Program\F_ポートフォリオ\ポートフォリオデータ\Reboot\solution\Playable\SceneSelectStage.cpp(353,72): warning C4244: '引数': 'double' から 'int' への変換です。データが失われる可能性があります。
C:\Users\ryuno\OneDrive\デスクトップ\Program\F_ポートフォリオ\ポートフォリオデータ\Reboot\solution\Playable\SceneSelectStage.cpp(352,57): warning C4244: '引数': 'double' から 'int' への変換です。データが失われる可能性があります。
C:\Users\ryuno\OneDrive\デスクトップ\Program\F_ポートフォリオ\ポートフォリオデータ\Reboot\solution\Playable\SceneSelectStage.cpp(367,81): warning C4244: '引数': 'double' から 'int' への変換です。データが失われる可能性があります。
C:\Users\ryuno\OneDrive\デスクトップ\Program\F_ポートフォリオ\ポートフォリオデータ\Reboot\solution\Playable\SceneSelectStage.cpp(366,93): warning C4244: '引数': 'double' から 'int' への変換です。データが失われる可能性があります。
C:\Users\ryuno\OneDrive\デスクトップ\Program\F_ポートフォリオ\ポートフォリオデータ\Reboot\solution\Playable\SceneSelectStage.cpp(375,74): warning C4244: '引数': 'double' から 'int' への変換です。データが失われる可能性があります。
C:\Users\ryuno\OneDrive\デスクトップ\Program\F_ポートフォリオ\ポートフォリオデータ\Reboot\solution\Playable\SceneSelectStage.cpp(374,65): warning C4244: '引数': 'double' から 'int' への変換です。データが失われる可能性があります。
C:\Users\ryuno\OneDrive\デスクトップ\Program\F_ポートフォリオ\ポートフォリオデータ\Reboot\solution\Playable\SceneSelectStage.cpp(379,71): warning C4244: '引数': 'double' から 'int' への変換です。データが失われる可能性があります。
C:\Users\ryuno\OneDrive\デスクトップ\Program\F_ポートフォリオ\ポートフォリオデータ\Reboot\solution\Playable\SceneSelectStage.cpp(378,56): warning C4244: '引数': 'double' から 'int' への変換です。データが失われる可能性があります。
C:\Users\ryuno\OneDrive\デスクトップ\Program\F_ポートフォリオ\ポートフォリオデータ\Reboot\solution\Playable\SceneSelectStage.cpp(387,67): warning C4244: '引数': 'double' から 'int' への変換です。データが失われる可能性があります。
C:\Users\ryuno\OneDrive\デスクトップ\Program\F_ポートフォリオ\ポートフォリオデータ\Reboot\solution\Playable\SceneSelectStage.cpp(386,83): warning C4244: '引数': 'double' から 'int' への変換です。データが失われる可能性があります。
C:\Users\ryuno\OneDrive\デスクトップ\Program\F_ポートフォリオ\ポートフォリオデータ\Reboot\solution\Playable\SceneSelectStage.cpp(404,82): warning C4244: '引数': '__int64' から 'const double' への変換です。データが失われる可能性があります。
C:\Users\ryuno\OneDrive\デスクトップ\Program\F_ポートフォリオ\ポートフォリオデータ\Reboot\solution\Playable\SceneSelectStage.cpp(404,42): warning C4244: '引数': '__int64' から 'const double' への変換です。データが失われる可能性があります。
C:\Users\ryuno\OneDrive\デスクトップ\Program\F_ポートフォリオ\ポートフォリオデータ\Reboot\solution\Playable\SceneSelectStage.cpp(415,74): warning C4244: '引数': 'double' から 'int' への変換です。データが失われる可能性があります。
C:\Users\ryuno\OneDrive\デスクトップ\Program\F_ポートフォリオ\ポートフォリオデータ\Reboot\solution\Playable\SceneSelectStage.cpp(415,58): warning C4244: '引数': 'double' から 'int' への変換です。データが失われる可能性があります。
C:\Users\ryuno\OneDrive\デスクトップ\Program\F_ポートフォリオ\ポートフォリオデータ\Reboot\solution\Playable\SceneSelectStage.cpp(415,48): warning C4244: '引数': 'double' から 'int' への変換です。データが失われる可能性があります。
C:\Users\ryuno\OneDrive\デスクトップ\Program\F_ポートフォリオ\ポートフォリオデータ\Reboot\solution\Playable\SceneSelectStage.cpp(415,41): warning C4244: '引数': 'double' から 'int' への変換です。データが失われる可能性があります。
C:\Users\ryuno\OneDrive\デスクトップ\Program\F_ポートフォリオ\ポートフォリオデータ\Reboot\solution\Playable\SceneSelectStage.cpp(417,95): warning C4244: '引数': 'double' から 'int' への変換です。データが失われる可能性があります。
C:\Users\ryuno\OneDrive\デスクトップ\Program\F_ポートフォリオ\ポートフォリオデータ\Reboot\solution\Playable\SceneSelectStage.cpp(417,79): warning C4244: '引数': 'double' から 'int' への変換です。データが失われる可能性があります。
C:\Users\ryuno\OneDrive\デスクトップ\Program\F_ポートフォリオ\ポートフォリオデータ\Reboot\solution\Playable\SceneSelectStage.cpp(417,69): warning C4244: '引数': 'double' から 'int' への変換です。データが失われる可能性があります。
C:\Users\ryuno\OneDrive\デスクトップ\Program\F_ポートフォリオ\ポートフォリオデータ\Reboot\solution\Playable\SceneSelectStage.cpp(417,62): warning C4244: '引数': 'double' から 'int' への変換です。データが失われる可能性があります。
C:\Users\ryuno\OneDrive\デスクトップ\Program\F_ポートフォリオ\ポートフォリオデータ\Reboot\solution\Playable\SceneSelectStage.cpp(420,69): warning C4244: '引数': 'double' から 'int' への変換です。データが失われる可能性があります。
C:\Users\ryuno\OneDrive\デスクトップ\Program\F_ポートフォリオ\ポートフォリオデータ\Reboot\solution\Playable\SceneSelectStage.cpp(420,53): warning C4244: '引数': 'double' から 'int' への変換です。データが失われる可能性があります。
C:\Users\ryuno\OneDrive\デスクトップ\Program\F_ポートフォリオ\ポートフォリオデータ\Reboot\solution\Playable\SceneSelectStage.cpp(420,43): warning C4244: '引数': 'double' から 'int' への変換です。データが失われる可能性があります。
C:\Users\ryuno\OneDrive\デスクトップ\Program\F_ポートフォリオ\ポートフォリオデータ\Reboot\solution\Playable\SceneSelectStage.cpp(420,36): warning C4244: '引数': 'double' から 'int' への変換です。データが失われる可能性があります。
C:\Users\ryuno\OneDrive\デスクトップ\Program\F_ポートフォリオ\ポートフォリオデータ\Reboot\solution\Playable\SceneSelectStage.cpp(423,73): warning C4244: '引数': 'double' から 'int' への変換です。データが失われる可能性があります。
C:\Users\ryuno\OneDrive\デスクトップ\Program\F_ポートフォリオ\ポートフォリオデータ\Reboot\solution\Playable\SceneSelectStage.cpp(423,57): warning C4244: '引数': 'double' から 'int' への変換です。データが失われる可能性があります。
C:\Users\ryuno\OneDrive\デスクトップ\Program\F_ポートフォリオ\ポートフォリオデータ\Reboot\solution\Playable\SceneSelectStage.cpp(423,47): warning C4244: '引数': 'double' から 'int' への変換です。データが失われる可能性があります。
C:\Users\ryuno\OneDrive\デスクトップ\Program\F_ポートフォリオ\ポートフォリオデータ\Reboot\solution\Playable\SceneSelectStage.cpp(423,40): warning C4244: '引数': 'double' から 'int' への変換です。データが失われる可能性があります。
C:\Users\ryuno\OneDrive\デスクトップ\Program\F_ポートフォリオ\ポートフォリオデータ\Reboot\solution\Playable\SceneSelectStage.cpp(425,68): warning C4244: '引数': 'double' から 'int' への変換です。データが失われる可能性があります。
C:\Users\ryuno\OneDrive\デスクトップ\Program\F_ポートフォリオ\ポートフォリオデータ\Reboot\solution\Playable\SceneSelectStage.cpp(425,52): warning C4244: '引数': 'double' から 'int' への変換です。データが失われる可能性があります。
C:\Users\ryuno\OneDrive\デスクトップ\Program\F_ポートフォリオ\ポートフォリオデータ\Reboot\solution\Playable\SceneSelectStage.cpp(425,42): warning C4244: '引数': 'double' から 'int' への変換です。データが失われる可能性があります。
C:\Users\ryuno\OneDrive\デスクトップ\Program\F_ポートフォリオ\ポートフォリオデータ\Reboot\solution\Playable\SceneSelectStage.cpp(425,35): warning C4244: '引数': 'double' から 'int' への変換です。データが失われる可能性があります。
C:\Users\ryuno\OneDrive\デスクトップ\Program\F_ポートフォリオ\ポートフォリオデータ\Reboot\solution\Playable\SceneSelectStage.cpp(430,104): warning C4244: '引数': 'double' から 'int' への変換です。データが失われる可能性があります。
C:\Users\ryuno\OneDrive\デスクトップ\Program\F_ポートフォリオ\ポートフォリオデータ\Reboot\solution\Playable\SceneSelectStage.cpp(430,80): warning C4244: '引数': 'double' から 'int' への変換です。データが失われる可能性があります。
C:\Users\ryuno\OneDrive\デスクトップ\Program\F_ポートフォリオ\ポートフォリオデータ\Reboot\solution\Playable\SceneSelectStage.cpp(430,61): warning C4244: '引数': 'double' から 'int' への変換です。データが失われる可能性があります。
C:\Users\ryuno\OneDrive\デスクトップ\Program\F_ポートフォリオ\ポートフォリオデータ\Reboot\solution\Playable\SceneSelectStage.cpp(430,40): warning C4244: '引数': 'double' から 'int' への変換です。データが失われる可能性があります。
C:\Users\ryuno\OneDrive\デスクトップ\Program\F_ポートフォリオ\ポートフォリオデータ\Reboot\solution\Playable\SceneSelectStage.cpp(432,70): warning C4244: '引数': 'double' から 'int' への変換です。データが失われる可能性があります。
C:\Users\ryuno\OneDrive\デスクトップ\Program\F_ポートフォリオ\ポートフォリオデータ\Reboot\solution\Playable\SceneSelectStage.cpp(432,54): warning C4244: '引数': 'double' から 'int' への変換です。データが失われる可能性があります。
C:\Users\ryuno\OneDrive\デスクトップ\Program\F_ポートフォリオ\ポートフォリオデータ\Reboot\solution\Playable\SceneSelectStage.cpp(432,44): warning C4244: '引数': 'double' から 'int' への変換です。データが失われる可能性があります。
C:\Users\ryuno\OneDrive\デスクトップ\Program\F_ポートフォリオ\ポートフォリオデータ\Reboot\solution\Playable\SceneSelectStage.cpp(432,37): warning C4244: '引数': 'double' から 'int' への変換です。データが失われる可能性があります。
C:\Users\ryuno\OneDrive\デスクトップ\Program\F_ポートフォリオ\ポートフォリオデータ\Reboot\solution\Playable\SceneSelectStage.cpp(444,48): warning C4244: '引数': '__int64' から 'double' への変換です。データが失われる可能性があります。
C:\Users\ryuno\OneDrive\デスクトップ\Program\F_ポートフォリオ\ポートフォリオデータ\Reboot\solution\Playable\SceneSelectStage.cpp(446,48): warning C4244: '引数': '__int64' から 'double' への変換です。データが失われる可能性があります。
C:\Users\ryuno\OneDrive\デスクトップ\Program\F_ポートフォリオ\ポートフォリオデータ\Reboot\solution\Playable\SceneSelectStage.cpp(458,48): warning C4244: '引数': '__int64' から 'double' への変換です。データが失われる可能性があります。
C:\Users\ryuno\OneDrive\デスクトップ\Program\F_ポートフォリオ\ポートフォリオデータ\Reboot\solution\Playable\SceneSelectStage.cpp(567,64): warning C4244: '引数': 'double' から 'int' への変換です。データが失われる可能性があります。
C:\Users\ryuno\OneDrive\デスクトップ\Program\F_ポートフォリオ\ポートフォリオデータ\Reboot\solution\Playable\SceneSelectStage.cpp(592,12): warning C4244: '引数': '__int64' から 'const double' への変換です。データが失われる可能性があります。
  SceneTitle.cpp
C:\Users\ryuno\OneDrive\デスクトップ\Program\F_ポートフォリオ\ポートフォリオデータ\Reboot\solution\Playable\SceneTitle.cpp(181,80): warning C4244: '引数': 'double' から 'int' への変換です。データが失われる可能性があります。
C:\Users\ryuno\OneDrive\デスクトップ\Program\F_ポートフォリオ\ポートフォリオデータ\Reboot\solution\Playable\SceneTitle.cpp(181,52): warning C4244: '引数': 'double' から 'int' への変換です。データが失われる可能性があります。
C:\Users\ryuno\OneDrive\デスクトップ\Program\F_ポートフォリオ\ポートフォリオデータ\Reboot\solution\Playable\SceneTitle.cpp(180,74): warning C4244: '引数': 'double' から 'int' への変換です。データが失われる可能性があります。
C:\Users\ryuno\OneDrive\デスクトップ\Program\F_ポートフォリオ\ポートフォリオデータ\Reboot\solution\Playable\SceneTitle.cpp(189,173): warning C4244: '引数': '__int64' から 'double' への変換です。データが失われる可能性があります。
C:\Users\ryuno\OneDrive\デスクトップ\Program\F_ポートフォリオ\ポートフォリオデータ\Reboot\solution\Playable\SceneTitle.cpp(189,128): warning C4244: '引数': '__int64' から 'double' への変換です。データが失われる可能性があります。
C:\Users\ryuno\OneDrive\デスクトップ\Program\F_ポートフォリオ\ポートフォリオデータ\Reboot\solution\Playable\SceneTitle.cpp(189,83): warning C4244: '引数': '__int64' から 'double' への変換です。データが失われる可能性があります。
C:\Users\ryuno\OneDrive\デスクトップ\Program\F_ポートフォリオ\ポートフォリオデータ\Reboot\solution\Playable\SceneTitle.cpp(193,164): warning C4244: '引数': '__int64' から 'double' への変換です。データが失われる可能性があります。
C:\Users\ryuno\OneDrive\デスクトップ\Program\F_ポートフォリオ\ポートフォリオデータ\Reboot\solution\Playable\SceneTitle.cpp(193,119): warning C4244: '引数': '__int64' から 'double' への変換です。データが失われる可能性があります。
C:\Users\ryuno\OneDrive\デスクトップ\Program\F_ポートフォリオ\ポートフォリオデータ\Reboot\solution\Playable\SceneTitle.cpp(193,64): warning C4244: '引数': '__int64' から 'double' への変換です。データが失われる可能性があります。
C:\Users\ryuno\OneDrive\デスクトップ\Program\F_ポートフォリオ\ポートフォリオデータ\Reboot\solution\Playable\SceneTitle.cpp(195,34): warning C4244: '引数': '__int64' から 'double' への変換です。データが失われる可能性があります。
C:\Users\ryuno\OneDrive\デスクトップ\Program\F_ポートフォリオ\ポートフォリオデータ\Reboot\solution\Playable\SceneTitle.cpp(198,52): warning C4244: '引数': '__int64' から 'double' への変換です。データが失われる可能性があります。
  Score.cpp
  StageManager.cpp
  System.cpp
  Transition.cpp
C:\Users\ryuno\OneDrive\デスクトップ\Program\F_ポートフォリオ\ポートフォリオデータ\Reboot\solution\Playable\Transition.cpp(56,54): warning C4244: '引数': 'double' から 'int' への変換です。データが失われる可能性があります。
C:\Users\ryuno\OneDrive\デスクトップ\Program\F_ポートフォリオ\ポートフォリオデータ\Reboot\solution\Playable\Transition.cpp(55,53): warning C4244: '引数': 'double' から 'int' への変換です。データが失われる可能性があります。
C:\Users\ryuno\OneDrive\デスクトップ\Program\F_ポートフォリオ\ポートフォリオデータ\Reboot\solution\Playable\Transition.cpp(54,55): warning C4244: '引数': 'double' から 'int' への変換です。データが失われる可能性があります。
C:\Users\ryuno\OneDrive\デスクトップ\Program\F_ポートフォリオ\ポートフォリオデータ\Reboot\solution\Playable\Transition.cpp(53,67): warning C4244: '引数': 'double' から 'int' への変換です。データが失われる可能性があります。
  コードを生成中...
  コンパイル中...
  Viewer.cpp
C:\Users\ryuno\OneDrive\デスクトップ\Program\F_ポートフォリオ\ポートフォリオデータ\Reboot\solution\Playable\Viewer.cpp(1101,188): warning C4244: '引数': 'double' から 'int' への変換です。データが失われる可能性があります。
C:\Users\ryuno\OneDrive\デスクトップ\Program\F_ポートフォリオ\ポートフォリオデータ\Reboot\solution\Playable\Viewer.cpp(1101,76): warning C4244: '引数': 'double' から 'int' への変換です。データが失われる可能性があります。
C:\Users\ryuno\OneDrive\デスクトップ\Program\F_ポートフォリオ\ポートフォリオデータ\Reboot\solution\Playable\Viewer.cpp(1100,94): warning C4244: '引数': 'double' から 'int' への変換です。データが失われる可能性があります。
C:\Users\ryuno\OneDrive\デスクトップ\Program\F_ポートフォリオ\ポートフォリオデータ\Reboot\solution\Playable\Viewer.cpp(1159,69): warning C4244: '引数': 'double' から 'int' への変換です。データが失われる可能性があります。
C:\Users\ryuno\OneDrive\デスクトップ\Program\F_ポートフォリオ\ポートフォリオデータ\Reboot\solution\Playable\Viewer.cpp(1159,40): warning C4244: '引数': 'double' から 'int' への変換です。データが失われる可能性があります。
C:\Users\ryuno\OneDrive\デスクトップ\Program\F_ポートフォリオ\ポートフォリオデータ\Reboot\solution\Playable\Viewer.cpp(1182,84): warning C4244: '引数': 'double' から 'int' への変換です。データが失われる可能性があります。
C:\Users\ryuno\OneDrive\デスクトップ\Program\F_ポートフォリオ\ポートフォリオデータ\Reboot\solution\Playable\Viewer.cpp(1182,55): warning C4244: '引数': 'double' から 'int' への変換です。データが失われる可能性があります。
C:\Users\ryuno\OneDrive\デスクトップ\Program\F_ポートフォリオ\ポートフォリオデータ\Reboot\solution\Playable\Viewer.cpp(1632,99): warning C4244: '引数': 'double' から 'int' への変換です。データが失われる可能性があります。
C:\Users\ryuno\OneDrive\デスクトップ\Program\F_ポートフォリオ\ポートフォリオデータ\Reboot\solution\Playable\Viewer.cpp(1632,29): warning C4244: '引数': 'double' から 'int' への変換です。データが失われる可能性があります。
C:\Users\ryuno\OneDrive\デスクトップ\Program\F_ポートフォリオ\ポートフォリオデータ\Reboot\solution\Playable\Viewer.cpp(1631,111): warning C4244: '引数': 'double' から 'int' への変換です。データが失われる可能性があります。
C:\Users\ryuno\OneDrive\デスクトップ\Program\F_ポートフォリオ\ポートフォリオデータ\Reboot\solution\Playable\Viewer.cpp(1631,47): warning C4244: '引数': 'double' から 'int' への変換です。データが失われる可能性があります。
C:\Users\ryuno\OneDrive\デスクトップ\Program\F_ポートフォリオ\ポートフォリオデータ\Reboot\solution\Playable\Viewer.cpp(1634,94): warning C4244: '引数': 'double' から 'int' への変換です。データが失われる可能性があります。
C:\Users\ryuno\OneDrive\デスクトップ\Program\F_ポートフォリオ\ポートフォリオデータ\Reboot\solution\Playable\Viewer.cpp(1634,29): warning C4244: '引数': 'double' から 'int' への変換です。データが失われる可能性があります。
C:\Users\ryuno\OneDrive\デスクトップ\Program\F_ポートフォリオ\ポートフォリオデータ\Reboot\solution\Playable\Viewer.cpp(1633,109): warning C4244: '引数': 'double' から 'int' への変換です。データが失われる可能性があります。
C:\Users\ryuno\OneDrive\デスクトップ\Program\F_ポートフォリオ\ポートフォリオデータ\Reboot\solution\Playable\Viewer.cpp(1633,50): warning C4244: '引数': 'double' から 'int' への変換です。データが失われる可能性があります。
C:\Users\ryuno\OneDrive\デスクトップ\Program\F_ポートフォリオ\ポートフォリオデータ\Reboot\solution\Playable\Viewer.cpp(1641,99): warning C4244: '引数': 'double' から 'int' への変換です。データが失われる可能性があります。
C:\Users\ryuno\OneDrive\デスクトップ\Program\F_ポートフォリオ\ポートフォリオデータ\Reboot\solution\Playable\Viewer.cpp(1641,29): warning C4244: '引数': 'double' から 'int' への変換です。データが失われる可能性があります。
C:\Users\ryuno\OneDrive\デスクトップ\Program\F_ポートフォリオ\ポートフォリオデータ\Reboot\solution\Playable\Viewer.cpp(1640,111): warning C4244: '引数': 'double' から 'int' への変換です。データが失われる可能性があります。
C:\Users\ryuno\OneDrive\デスクトップ\Program\F_ポートフォリオ\ポートフォリオデータ\Reboot\solution\Playable\Viewer.cpp(1640,47): warning C4244: '引数': 'double' から 'int' への変換です。データが失われる可能性があります。
C:\Users\ryuno\OneDrive\デスクトップ\Program\F_ポートフォリオ\ポートフォリオデータ\Reboot\solution\Playable\Viewer.cpp(1643,92): warning C4244: '引数': 'double' から 'int' への変換です。データが失われる可能性があります。
C:\Users\ryuno\OneDrive\デスクトップ\Program\F_ポートフォリオ\ポートフォリオデータ\Reboot\solution\Playable\Viewer.cpp(1643,27): warning C4244: '引数': 'double' から 'int' への変換です。データが失われる可能性があります。
C:\Users\ryuno\OneDrive\デスクトップ\Program\F_ポートフォリオ\ポートフォリオデータ\Reboot\solution\Playable\Viewer.cpp(1642,104): warning C4244: '引数': 'double' から 'int' への変換です。データが失われる可能性があります。
C:\Users\ryuno\OneDrive\デスクトップ\Program\F_ポートフォリオ\ポートフォリオデータ\Reboot\solution\Playable\Viewer.cpp(1642,45): warning C4244: '引数': 'double' から 'int' への変換です。データが失われる可能性があります。
C:\Users\ryuno\OneDrive\デスクトップ\Program\F_ポートフォリオ\ポートフォリオデータ\Reboot\solution\Playable\Viewer.cpp(1650,99): warning C4244: '引数': 'double' から 'int' への変換です。データが失われる可能性があります。
C:\Users\ryuno\OneDrive\デスクトップ\Program\F_ポートフォリオ\ポートフォリオデータ\Reboot\solution\Playable\Viewer.cpp(1650,29): warning C4244: '引数': 'double' から 'int' への変換です。データが失われる可能性があります。
C:\Users\ryuno\OneDrive\デスクトップ\Program\F_ポートフォリオ\ポートフォリオデータ\Reboot\solution\Playable\Viewer.cpp(1649,111): warning C4244: '引数': 'double' から 'int' への変換です。データが失われる可能性があります。
C:\Users\ryuno\OneDrive\デスクトップ\Program\F_ポートフォリオ\ポートフォリオデータ\Reboot\solution\Playable\Viewer.cpp(1649,47): warning C4244: '引数': 'double' から 'int' への変換です。データが失われる可能性があります。
C:\Users\ryuno\OneDrive\デスクトップ\Program\F_ポートフォリオ\ポートフォリオデータ\Reboot\solution\Playable\Viewer.cpp(1652,95): warning C4244: '引数': 'double' から 'int' への変換です。データが失われる可能性があります。
C:\Users\ryuno\OneDrive\デスクトップ\Program\F_ポートフォリオ\ポートフォリオデータ\Reboot\solution\Playable\Viewer.cpp(1652,30): warning C4244: '引数': 'double' から 'int' への変換です。データが失われる可能性があります。
C:\Users\ryuno\OneDrive\デスクトップ\Program\F_ポートフォリオ\ポートフォリオデータ\Reboot\solution\Playable\Viewer.cpp(1651,107): warning C4244: '引数': 'double' から 'int' への変換です。データが失われる可能性があります。
C:\Users\ryuno\OneDrive\デスクトップ\Program\F_ポートフォリオ\ポートフォリオデータ\Reboot\solution\Playable\Viewer.cpp(1651,48): warning C4244: '引数': 'double' から 'int' への変換です。データが失われる可能性があります。
C:\Users\ryuno\OneDrive\デスクトップ\Program\F_ポートフォリオ\ポートフォリオデータ\Reboot\solution\Playable\Viewer.cpp(1659,99): warning C4244: '引数': 'double' から 'int' への変換です。データが失われる可能性があります。
C:\Users\ryuno\OneDrive\デスクトップ\Program\F_ポートフォリオ\ポートフォリオデータ\Reboot\solution\Playable\Viewer.cpp(1659,29): warning C4244: '引数': 'double' から 'int' への変換です。データが失われる可能性があります。
C:\Users\ryuno\OneDrive\デスクトップ\Program\F_ポートフォリオ\ポートフォリオデータ\Reboot\solution\Playable\Viewer.cpp(1658,111): warning C4244: '引数': 'double' から 'int' への変換です。データが失われる可能性があります。
C:\Users\ryuno\OneDrive\デスクトップ\Program\F_ポートフォリオ\ポートフォリオデータ\Reboot\solution\Playable\Viewer.cpp(1658,47): warning C4244: '引数': 'double' から 'int' への変換です。データが失われる可能性があります。
C:\Users\ryuno\OneDrive\デスクトップ\Program\F_ポートフォリオ\ポートフォリオデータ\Reboot\solution\Playable\Viewer.cpp(1661,92): warning C4244: '引数': 'double' から 'int' への変換です。データが失われる可能性があります。
C:\Users\ryuno\OneDrive\デスクトップ\Program\F_ポートフォリオ\ポートフォリオデータ\Reboot\solution\Playable\Viewer.cpp(1661,27): warning C4244: '引数': 'double' から 'int' への変換です。データが失われる可能性があります。
C:\Users\ryuno\OneDrive\デスクトップ\Program\F_ポートフォリオ\ポートフォリオデータ\Reboot\solution\Playable\Viewer.cpp(1660,104): warning C4244: '引数': 'double' から 'int' への変換です。データが失われる可能性があります。
C:\Users\ryuno\OneDrive\デスクトップ\Program\F_ポートフォリオ\ポートフォリオデータ\Reboot\solution\Playable\Viewer.cpp(1660,45): warning C4244: '引数': 'double' から 'int' への変換です。データが失われる可能性があります。
C:\Users\ryuno\OneDrive\デスクトップ\Program\F_ポートフォリオ\ポートフォリオデータ\Reboot\solution\Playable\Viewer.cpp(1687,13): warning C4244: '初期化中': 'double' から 'int' への変換です。データが失われる可能性があります。
C:\Users\ryuno\OneDrive\デスクトップ\Program\F_ポートフォリオ\ポートフォリオデータ\Reboot\solution\Playable\Viewer.cpp(1690,82): warning C4244: '引数': 'double' から 'int' への変換です。データが失われる可能性があります。
C:\Users\ryuno\OneDrive\デスクトップ\Program\F_ポートフォリオ\ポートフォリオデータ\Reboot\solution\Playable\Viewer.cpp(1690,39): warning C4244: '引数': 'double' から 'int' への変換です。データが失われる可能性があります。
C:\Users\ryuno\OneDrive\デスクトップ\Program\F_ポートフォリオ\ポートフォリオデータ\Reboot\solution\Playable\Viewer.cpp(1693,64): warning C4244: '引数': 'double' から 'int' への変換です。データが失われる可能性があります。
C:\Users\ryuno\OneDrive\デスクトップ\Program\F_ポートフォリオ\ポートフォリオデータ\Reboot\solution\Playable\Viewer.cpp(1693,40): warning C4244: '引数': 'double' から 'int' への変換です。データが失われる可能性があります。
C:\Users\ryuno\OneDrive\デスクトップ\Program\F_ポートフォリオ\ポートフォリオデータ\Reboot\solution\Playable\Viewer.cpp(1704,13): warning C4244: '初期化中': 'double' から 'int' への変換です。データが失われる可能性があります。
C:\Users\ryuno\OneDrive\デスクトップ\Program\F_ポートフォリオ\ポートフォリオデータ\Reboot\solution\Playable\Viewer.cpp(1708,88): warning C4244: '引数': 'double' から 'int' への変換です。データが失われる可能性があります。
C:\Users\ryuno\OneDrive\デスクトップ\Program\F_ポートフォリオ\ポートフォリオデータ\Reboot\solution\Playable\Viewer.cpp(1708,40): warning C4244: '引数': 'double' から 'int' への変換です。データが失われる可能性があります。
C:\Users\ryuno\OneDrive\デスクトップ\Program\F_ポートフォリオ\ポートフォリオデータ\Reboot\solution\Playable\Viewer.cpp(1707,77): warning C4244: '引数': 'double' から 'int' への変換です。データが失われる可能性があります。
C:\Users\ryuno\OneDrive\デスクトップ\Program\F_ポートフォリオ\ポートフォリオデータ\Reboot\solution\Playable\Viewer.cpp(1707,45): warning C4244: '引数': 'double' から 'int' への変換です。データが失われる可能性があります。
C:\Users\ryuno\OneDrive\デスクトップ\Program\F_ポートフォリオ\ポートフォリオデータ\Reboot\solution\Playable\Viewer.cpp(1710,110): warning C4244: '引数': 'double' から 'int' への変換です。データが失われる可能性があります。
C:\Users\ryuno\OneDrive\デスクトップ\Program\F_ポートフォリオ\ポートフォリオデータ\Reboot\solution\Playable\Viewer.cpp(1710,81): warning C4244: '引数': 'double' から 'int' への変換です。データが失われる可能性があります。
C:\Users\ryuno\OneDrive\デスクトップ\Program\F_ポートフォリオ\ポートフォリオデータ\Reboot\solution\Playable\Viewer.cpp(1719,43): warning C4244: '引数': 'double' から 'int' への変換です。データが失われる可能性があります。
C:\Users\ryuno\OneDrive\デスクトップ\Program\F_ポートフォリオ\ポートフォリオデータ\Reboot\solution\Playable\Viewer.cpp(1719,17): warning C4244: '引数': 'double' から 'int' への変換です。データが失われる可能性があります。
C:\Users\ryuno\OneDrive\デスクトップ\Program\F_ポートフォリオ\ポートフォリオデータ\Reboot\solution\Playable\Viewer.cpp(1721,62): warning C4244: '引数': 'double' から 'int' への変換です。データが失われる可能性があります。
C:\Users\ryuno\OneDrive\デスクトップ\Program\F_ポートフォリオ\ポートフォリオデータ\Reboot\solution\Playable\Viewer.cpp(1721,28): warning C4244: '引数': 'double' から 'int' への変換です。データが失われる可能性があります。
C:\Users\ryuno\OneDrive\デスクトップ\Program\F_ポートフォリオ\ポートフォリオデータ\Reboot\solution\Playable\Viewer.cpp(1723,63): warning C4244: '引数': 'double' から 'int' への変換です。データが失われる可能性があります。
C:\Users\ryuno\OneDrive\デスクトップ\Program\F_ポートフォリオ\ポートフォリオデータ\Reboot\solution\Playable\Viewer.cpp(1723,35): warning C4244: '引数': 'double' から 'int' への変換です。データが失われる可能性があります。
C:\Users\ryuno\OneDrive\デスクトップ\Program\F_ポートフォリオ\ポートフォリオデータ\Reboot\solution\Playable\Viewer.cpp(1725,64): warning C4244: '引数': 'double' から 'int' への変換です。データが失われる可能性があります。
C:\Users\ryuno\OneDrive\デスクトップ\Program\F_ポートフォリオ\ポートフォリオデータ\Reboot\solution\Playable\Viewer.cpp(1725,35): warning C4244: '引数': 'double' から 'int' への変換です。データが失われる可能性があります。
C:\Users\ryuno\OneDrive\デスクトップ\Program\F_ポートフォリオ\ポートフォリオデータ\Reboot\solution\Playable\Viewer.cpp(1730,117): warning C4244: '引数': 'double' から 'int' への変換です。データが失われる可能性があります。
C:\Users\ryuno\OneDrive\デスクトップ\Program\F_ポートフォリオ\ポートフォリオデータ\Reboot\solution\Playable\Viewer.cpp(1730,88): warning C4244: '引数': 'double' から 'int' への変換です。データが失われる可能性があります。
C:\Users\ryuno\OneDrive\デスクトップ\Program\F_ポートフォリオ\ポートフォリオデータ\Reboot\solution\Playable\Viewer.cpp(1854,42): warning C4244: '引数': 'double' から 'int' への変換です。データが失われる可能性があります。
C:\Users\ryuno\OneDrive\デスクトップ\Program\F_ポートフォリオ\ポートフォリオデータ\Reboot\solution\Playable\Viewer.cpp(1853,42): warning C4244: '引数': 'double' から 'int' への変換です。データが失われる可能性があります。
C:\Users\ryuno\OneDrive\デスクトップ\Program\F_ポートフォリオ\ポートフォリオデータ\Reboot\solution\Playable\Viewer.cpp(1851,68): warning C4244: '引数': 'double' から 'int' への変換です。データが失われる可能性があります。
C:\Users\ryuno\OneDrive\デスクトップ\Program\F_ポートフォリオ\ポートフォリオデータ\Reboot\solution\Playable\Viewer.cpp(1850,70): warning C4244: '引数': 'double' から 'int' への変換です。データが失われる可能性があります。
C:\Users\ryuno\OneDrive\デスクトップ\Program\F_ポートフォリオ\ポートフォリオデータ\Reboot\solution\Playable\Viewer.cpp(1859,41): warning C4244: '引数': 'double' から 'int' への変換です。データが失われる可能性があります。
C:\Users\ryuno\OneDrive\デスクトップ\Program\F_ポートフォリオ\ポートフォリオデータ\Reboot\solution\Playable\Viewer.cpp(1858,41): warning C4244: '引数': 'double' から 'int' への変換です。データが失われる可能性があります。
C:\Users\ryuno\OneDrive\デスクトップ\Program\F_ポートフォリオ\ポートフォリオデータ\Reboot\solution\Playable\Viewer.cpp(1856,69): warning C4244: '引数': 'double' から 'int' への変換です。データが失われる可能性があります。
C:\Users\ryuno\OneDrive\デスクトップ\Program\F_ポートフォリオ\ポートフォリオデータ\Reboot\solution\Playable\Viewer.cpp(1855,71): warning C4244: '引数': 'double' から 'int' への変換です。データが失われる可能性があります。
C:\Users\ryuno\OneDrive\デスクトップ\Program\F_ポートフォリオ\ポートフォリオデータ\Reboot\solution\Playable\Viewer.cpp(1865,65): warning C4244: '引数': 'double' から 'int' への変換です。データが失われる可能性があります。
C:\Users\ryuno\OneDrive\デスクトップ\Program\F_ポートフォリオ\ポートフォリオデータ\Reboot\solution\Playable\Viewer.cpp(1864,42): warning C4244: '引数': 'double' から 'int' への変換です。データが失われる可能性があります。
C:\Users\ryuno\OneDrive\デスクトップ\Program\F_ポートフォリオ\ポートフォリオデータ\Reboot\solution\Playable\Viewer.cpp(1863,49): warning C4244: '引数': 'double' から 'int' への変換です。データが失われる可能性があります。
C:\Users\ryuno\OneDrive\デスクトップ\Program\F_ポートフォリオ\ポートフォリオデータ\Reboot\solution\Playable\Viewer.cpp(1862,74): warning C4244: '引数': 'double' から 'int' への変換です。データが失われる可能性があります。
C:\Users\ryuno\OneDrive\デスクトップ\Program\F_ポートフォリオ\ポートフォリオデータ\Reboot\solution\Playable\Viewer.cpp(1870,65): warning C4244: '引数': 'double' から 'int' への変換です。データが失われる可能性があります。
C:\Users\ryuno\OneDrive\デスクトップ\Program\F_ポートフォリオ\ポートフォリオデータ\Reboot\solution\Playable\Viewer.cpp(1869,42): warning C4244: '引数': 'double' から 'int' への変換です。データが失われる可能性があります。
C:\Users\ryuno\OneDrive\デスクトップ\Program\F_ポートフォリオ\ポートフォリオデータ\Reboot\solution\Playable\Viewer.cpp(1868,49): warning C4244: '引数': 'double' から 'int' への変換です。データが失われる可能性があります。
C:\Users\ryuno\OneDrive\デスクトップ\Program\F_ポートフォリオ\ポートフォリオデータ\Reboot\solution\Playable\Viewer.cpp(1867,74): warning C4244: '引数': 'double' から 'int' への変換です。データが失われる可能性があります。
C:\Users\ryuno\OneDrive\デスクトップ\Program\F_ポートフォリオ\ポートフォリオデータ\Reboot\solution\Playable\Viewer.cpp(1878,42): warning C4244: '引数': 'double' から 'int' への変換です。データが失われる可能性があります。
C:\Users\ryuno\OneDrive\デスクトップ\Program\F_ポートフォリオ\ポートフォリオデータ\Reboot\solution\Playable\Viewer.cpp(1877,42): warning C4244: '引数': 'double' から 'int' への変換です。データが失われる可能性があります。
C:\Users\ryuno\OneDrive\デスクトップ\Program\F_ポートフォリオ\ポートフォリオデータ\Reboot\solution\Playable\Viewer.cpp(1876,45): warning C4244: '引数': 'double' から 'int' への変換です。データが失われる可能性があります。
C:\Users\ryuno\OneDrive\デスクトップ\Program\F_ポートフォリオ\ポートフォリオデータ\Reboot\solution\Playable\Viewer.cpp(1874,101): warning C4244: '引数': 'double' から 'int' への変換です。データが失われる可能性があります。
C:\Users\ryuno\OneDrive\デスクトップ\Program\F_ポートフォリオ\ポートフォリオデータ\Reboot\solution\Playable\Viewer.cpp(1883,41): warning C4244: '引数': 'double' から 'int' への変換です。データが失われる可能性があります。
C:\Users\ryuno\OneDrive\デスクトップ\Program\F_ポートフォリオ\ポートフォリオデータ\Reboot\solution\Playable\Viewer.cpp(1882,41): warning C4244: '引数': 'double' から 'int' への変換です。データが失われる可能性があります。
C:\Users\ryuno\OneDrive\デスクトップ\Program\F_ポートフォリオ\ポートフォリオデータ\Reboot\solution\Playable\Viewer.cpp(1881,46): warning C4244: '引数': 'double' から 'int' への変換です。データが失われる可能性があります。
C:\Users\ryuno\OneDrive\デスクトップ\Program\F_ポートフォリオ\ポートフォリオデータ\Reboot\solution\Playable\Viewer.cpp(1879,102): warning C4244: '引数': 'double' から 'int' への変換です。データが失われる可能性があります。
C:\Users\ryuno\OneDrive\デスクトップ\Program\F_ポートフォリオ\ポートフォリオデータ\Reboot\solution\Playable\Viewer.cpp(1890,43): warning C4244: '引数': 'double' から 'int' への変換です。データが失われる可能性があります。
C:\Users\ryuno\OneDrive\デスクトップ\Program\F_ポートフォリオ\ポートフォリオデータ\Reboot\solution\Playable\Viewer.cpp(1889,43): warning C4244: '引数': 'double' から 'int' への変換です。データが失われる可能性があります。
C:\Users\ryuno\OneDrive\デスクトップ\Program\F_ポートフォリオ\ポートフォリオデータ\Reboot\solution\Playable\Viewer.cpp(1888,48): warning C4244: '引数': 'double' から 'int' への変換です。データが失われる可能性があります。
C:\Users\ryuno\OneDrive\デスクトップ\Program\F_ポートフォリオ\ポートフォリオデータ\Reboot\solution\Playable\Viewer.cpp(1886,96): warning C4244: '引数': 'double' から 'int' への変換です。データが失われる可能性があります。
C:\Users\ryuno\OneDrive\デスクトップ\Program\F_ポートフォリオ\ポートフォリオデータ\Reboot\solution\Playable\Viewer.cpp(1895,43): warning C4244: '引数': 'double' から 'int' への変換です。データが失われる可能性があります。
C:\Users\ryuno\OneDrive\デスクトップ\Program\F_ポートフォリオ\ポートフォリオデータ\Reboot\solution\Playable\Viewer.cpp(1894,43): warning C4244: '引数': 'double' から 'int' への変換です。データが失われる可能性があります。
C:\Users\ryuno\OneDrive\デスクトップ\Program\F_ポートフォリオ\ポートフォリオデータ\Reboot\solution\Playable\Viewer.cpp(1893,48): warning C4244: '引数': 'double' から 'int' への変換です。データが失われる可能性があります。
C:\Users\ryuno\OneDrive\デスクトップ\Program\F_ポートフォリオ\ポートフォリオデータ\Reboot\solution\Playable\Viewer.cpp(1891,96): warning C4244: '引数': 'double' から 'int' への変換です。データが失われる可能性があります。
C:\Users\ryuno\OneDrive\デスクトップ\Program\F_ポートフォリオ\ポートフォリオデータ\Reboot\solution\Playable\Viewer.cpp(1904,42): warning C4244: '引数': 'double' から 'int' への変換です。データが失われる可能性があります。
C:\Users\ryuno\OneDrive\デスクトップ\Program\F_ポートフォリオ\ポートフォリオデータ\Reboot\solution\Playable\Viewer.cpp(1903,42): warning C4244: '引数': 'double' から 'int' への変換です。データが失われる可能性があります。
C:\Users\ryuno\OneDrive\デスクトップ\Program\F_ポートフォリオ\ポートフォリオデータ\Reboot\solution\Playable\Viewer.cpp(1902,45): warning C4244: '引数': 'double' から 'int' への変換です。データが失われる可能性があります。
C:\Users\ryuno\OneDrive\デスクトップ\Program\F_ポートフォリオ\ポートフォリオデータ\Reboot\solution\Playable\Viewer.cpp(1901,70): warning C4244: '引数': 'double' から 'int' への変換です。データが失われる可能性があります。
C:\Users\ryuno\OneDrive\デスクトップ\Program\F_ポートフォリオ\ポートフォリオデータ\Reboot\solution\Playable\Viewer.cpp(1908,41): warning C4244: '引数': 'double' から 'int' への変換です。データが失われる可能性があります。
C:\Users\ryuno\OneDrive\デスクトップ\Program\F_ポートフォリオ\ポートフォリオデータ\Reboot\solution\Playable\Viewer.cpp(1907,41): warning C4244: '引数': 'double' から 'int' への変換です。データが失われる可能性があります。
C:\Users\ryuno\OneDrive\デスクトップ\Program\F_ポートフォリオ\ポートフォリオデータ\Reboot\solution\Playable\Viewer.cpp(1906,46): warning C4244: '引数': 'double' から 'int' への変換です。データが失われる可能性があります。
C:\Users\ryuno\OneDrive\デスクトップ\Program\F_ポートフォリオ\ポートフォリオデータ\Reboot\solution\Playable\Viewer.cpp(1905,71): warning C4244: '引数': 'double' から 'int' への変換です。データが失われる可能性があります。
C:\Users\ryuno\OneDrive\デスクトップ\Program\F_ポートフォリオ\ポートフォリオデータ\Reboot\solution\Playable\Viewer.cpp(1914,43): warning C4244: '引数': 'double' から 'int' への変換です。データが失われる可能性があります。
C:\Users\ryuno\OneDrive\デスクトップ\Program\F_ポートフォリオ\ポートフォリオデータ\Reboot\solution\Playable\Viewer.cpp(1913,43): warning C4244: '引数': 'double' から 'int' への変換です。データが失われる可能性があります。
C:\Users\ryuno\OneDrive\デスクトップ\Program\F_ポートフォリオ\ポートフォリオデータ\Reboot\solution\Playable\Viewer.cpp(1912,48): warning C4244: '引数': 'double' から 'int' への変換です。データが失われる可能性があります。
C:\Users\ryuno\OneDrive\デスクトップ\Program\F_ポートフォリオ\ポートフォリオデータ\Reboot\solution\Playable\Viewer.cpp(1911,73): warning C4244: '引数': 'double' から 'int' への変換です。データが失われる可能性があります。
C:\Users\ryuno\OneDrive\デスクトップ\Program\F_ポートフォリオ\ポートフォリオデータ\Reboot\solution\Playable\Viewer.cpp(1918,42): warning C4244: '引数': 'double' から 'int' への変換です。データが失われる可能性があります。
C:\Users\ryuno\OneDrive\デスクトップ\Program\F_ポートフォリオ\ポートフォリオデータ\Reboot\solution\Playable\Viewer.cpp(1917,42): warning C4244: '引数': 'double' から 'int' への変換です。データが失われる可能性があります。
C:\Users\ryuno\OneDrive\デスクトップ\Program\F_ポートフォリオ\ポートフォリオデータ\Reboot\solution\Playable\Viewer.cpp(1916,49): warning C4244: '引数': 'double' から 'int' への変換です。データが失われる可能性があります。
C:\Users\ryuno\OneDrive\デスクトップ\Program\F_ポートフォリオ\ポートフォリオデータ\Reboot\solution\Playable\Viewer.cpp(1915,74): warning C4244: '引数': 'double' から 'int' への変換です。データが失われる可能性があります。
C:\Users\ryuno\OneDrive\デスクトップ\Program\F_ポートフォリオ\ポートフォリオデータ\Reboot\solution\Playable\Viewer.cpp(1924,42): warning C4244: '引数': 'double' から 'int' への変換です。データが失われる可能性があります。
C:\Users\ryuno\OneDrive\デスクトップ\Program\F_ポートフォリオ\ポートフォリオデータ\Reboot\solution\Playable\Viewer.cpp(1923,42): warning C4244: '引数': 'double' から 'int' への変換です。データが失われる可能性があります。
C:\Users\ryuno\OneDrive\デスクトップ\Program\F_ポートフォリオ\ポートフォリオデータ\Reboot\solution\Playable\Viewer.cpp(1922,45): warning C4244: '引数': 'double' から 'int' への変換です。データが失われる可能性があります。
C:\Users\ryuno\OneDrive\デスクトップ\Program\F_ポートフォリオ\ポートフォリオデータ\Reboot\solution\Playable\Viewer.cpp(1921,78): warning C4244: '引数': 'double' から 'int' への変換です。データが失われる可能性があります。
C:\Users\ryuno\OneDrive\デスクトップ\Program\F_ポートフォリオ\ポートフォリオデータ\Reboot\solution\Playable\Viewer.cpp(1928,41): warning C4244: '引数': 'double' から 'int' への変換です。データが失われる可能性があります。
C:\Users\ryuno\OneDrive\デスクトップ\Program\F_ポートフォリオ\ポートフォリオデータ\Reboot\solution\Playable\Viewer.cpp(1927,41): warning C4244: '引数': 'double' から 'int' への変換です。データが失われる可能性があります。
C:\Users\ryuno\OneDrive\デスクトップ\Program\F_ポートフォリオ\ポートフォリオデータ\Reboot\solution\Playable\Viewer.cpp(1926,46): warning C4244: '引数': 'double' から 'int' への変換です。データが失われる可能性があります。
C:\Users\ryuno\OneDrive\デスクトップ\Program\F_ポートフォリオ\ポートフォリオデータ\Reboot\solution\Playable\Viewer.cpp(1925,79): warning C4244: '引数': 'double' から 'int' への変換です。データが失われる可能性があります。
C:\Users\ryuno\OneDrive\デスクトップ\Program\F_ポートフォリオ\ポートフォリオデータ\Reboot\solution\Playable\Viewer.cpp(1934,43): warning C4244: '引数': 'double' から 'int' への変換です。データが失われる可能性があります。
C:\Users\ryuno\OneDrive\デスクトップ\Program\F_ポートフォリオ\ポートフォリオデータ\Reboot\solution\Playable\Viewer.cpp(1933,43): warning C4244: '引数': 'double' から 'int' への変換です。データが失われる可能性があります。
C:\Users\ryuno\OneDrive\デスクトップ\Program\F_ポートフォリオ\ポートフォリオデータ\Reboot\solution\Playable\Viewer.cpp(1932,48): warning C4244: '引数': 'double' から 'int' への変換です。データが失われる可能性があります。
C:\Users\ryuno\OneDrive\デスクトップ\Program\F_ポートフォリオ\ポートフォリオデータ\Reboot\solution\Playable\Viewer.cpp(1931,73): warning C4244: '引数': 'double' から 'int' への変換です。データが失われる可能性があります。
C:\Users\ryuno\OneDrive\デスクトップ\Program\F_ポートフォリオ\ポートフォリオデータ\Reboot\solution\Playable\Viewer.cpp(1938,43): warning C4244: '引数': 'double' から 'int' への変換です。データが失われる可能性があります。
C:\Users\ryuno\OneDrive\デスクトップ\Program\F_ポートフォリオ\ポートフォリオデータ\Reboot\solution\Playable\Viewer.cpp(1937,43): warning C4244: '引数': 'double' から 'int' への変換です。データが失われる可能性があります。
C:\Users\ryuno\OneDrive\デスクトップ\Program\F_ポートフォリオ\ポートフォリオデータ\Reboot\solution\Playable\Viewer.cpp(1936,48): warning C4244: '引数': 'double' から 'int' への変換です。データが失われる可能性があります。
C:\Users\ryuno\OneDrive\デスクトップ\Program\F_ポートフォリオ\ポートフォリオデータ\Reboot\solution\Playable\Viewer.cpp(1935,73): warning C4244: '引数': 'double' から 'int' への変換です。データが失われる可能性があります。
C:\Users\ryuno\OneDrive\デスクトップ\Program\F_ポートフォリオ\ポートフォリオデータ\Reboot\solution\Playable\Viewer.cpp(1991,22): warning C4244: '初期化中': 'double' から 'int' への変換です。データが失われる可能性があります。
C:\Users\ryuno\OneDrive\デスクトップ\Program\F_ポートフォリオ\ポートフォリオデータ\Reboot\solution\Playable\Viewer.cpp(1992,23): warning C4244: '初期化中': 'double' から 'int' への変換です。データが失われる可能性があります。
C:\Users\ryuno\OneDrive\デスクトップ\Program\F_ポートフォリオ\ポートフォリオデータ\Reboot\solution\Playable\Viewer.cpp(1993,18): warning C4244: '初期化中': 'double' から 'int' への変換です。データが失われる可能性があります。
C:\Users\ryuno\OneDrive\デスクトップ\Program\F_ポートフォリオ\ポートフォリオデータ\Reboot\solution\Playable\Viewer.cpp(1994,20): warning C4244: '初期化中': 'double' から 'int' への変換です。データが失われる可能性があります。
C:\Users\ryuno\OneDrive\デスクトップ\Program\F_ポートフォリオ\ポートフォリオデータ\Reboot\solution\Playable\Viewer.cpp(2048,54): warning C4244: '引数': 'double' から 'int' への変換です。データが失われる可能性があります。
C:\Users\ryuno\OneDrive\デスクトップ\Program\F_ポートフォリオ\ポートフォリオデータ\Reboot\solution\Playable\Viewer.cpp(2067,54): warning C4244: '引数': 'double' から 'int' への変換です。データが失われる可能性があります。
C:\Users\ryuno\OneDrive\デスクトップ\Program\F_ポートフォリオ\ポートフォリオデータ\Reboot\solution\Playable\Viewer.cpp(2073,98): warning C4244: '引数': '__int64' から 'const double' への変換です。データが失われる可能性があります。
C:\Users\ryuno\OneDrive\デスクトップ\Program\F_ポートフォリオ\ポートフォリオデータ\Reboot\solution\Playable\Viewer.cpp(2106,139): warning C4244: '引数': 'double' から 'int' への変換です。データが失われる可能性があります。
C:\Users\ryuno\OneDrive\デスクトップ\Program\F_ポートフォリオ\ポートフォリオデータ\Reboot\solution\Playable\Viewer.cpp(2106,66): warning C4244: '引数': 'double' から 'int' への変換です。データが失われる可能性があります。
C:\Users\ryuno\OneDrive\デスクトップ\Program\F_ポートフォリオ\ポートフォリオデータ\Reboot\solution\Playable\Viewer.cpp(2105,91): warning C4244: '引数': 'double' から 'int' への変換です。データが失われる可能性があります。
C:\Users\ryuno\OneDrive\デスクトップ\Program\F_ポートフォリオ\ポートフォリオデータ\Reboot\solution\Playable\Viewer.cpp(2105,48): warning C4244: '引数': 'double' から 'int' への変換です。データが失われる可能性があります。
  ViewerPrologue.cpp
  コードを生成中...
  Playable.vcxproj -> C:\Users\ryuno\OneDrive\デスクトップ\Program\F_ポートフォリオ\ポートフォリオデータ\Reboot\solution\x64\Debug\Playable.exe
